<?xml version="1.0" encoding="UTF-8"?>
<!-- Generated by org.testng.reporters.JUnitReportReporter -->
<testsuite hostname="Jitender" name="org.testing.testScripts.TC3" tests="1" failures="0" timestamp="6 Oct 2018 10:02:42 GMT" time="48.624" errors="0">
  <testcase name="test_case" time="48.624" classname="org.testing.testScripts.TC3"/>
</testsuite> <!-- org.testing.testScripts.TC3 -->
