<?xml version="1.0" encoding="UTF-8"?>
<!-- Generated by org.testng.reporters.JUnitReportReporter -->
<testsuite hostname="Jitender" name="org.testing.testScripts.TC2" tests="1" failures="0" timestamp="6 Oct 2018 10:32:59 GMT" time="40.304" errors="0">
  <testcase name="test_case" time="40.304" classname="org.testing.testScripts.TC2"/>
</testsuite> <!-- org.testing.testScripts.TC2 -->
