<?xml version="1.0" encoding="UTF-8"?>
<!-- Generated by org.testng.reporters.JUnitReportReporter -->
<testsuite hostname="Jitender" name="org.testing.testScripts.TC1" tests="1" failures="0" timestamp="6 Oct 2018 10:05:01 GMT" time="41.469" errors="0">
  <testcase name="test_case" time="41.469" classname="org.testing.testScripts.TC1"/>
</testsuite> <!-- org.testing.testScripts.TC1 -->
